00001                                           export _main
00002 0000                                      .text
00003                       00000000>           _main:
00004 0000           EB           0C                    jmp start             ; 跳到 start 處去執行
00005                       00000002>           msg:
00006 0002                        48                    .ascii "Hello world!"
00007                       0000000E>           start:
00008 000E           B4                     03          mov     ah, #0x03     ; ah = 0x03
00009 0010           BB                   0000          mov     bx, #0
00010 0013           CD                     10          int     0x10          ; int 0x10 取得游標位置
00011 0015           B9                   000C          mov     cx, #12       ; 印出字串長度
00012 0018           B8                   0002>         mov     ax, #msg      ; 印出字串的位址
00013 001B           05                   0100          add     ax, #0x100    ; 加上 PSP 的長度
00014 001E           89C5                               mov     bp, ax        ; 真正 msg 位址放到 bp 中
00015 0020           B7                     00          mov     bh, #0x00     ; 頁碼
00016 0022           B3                     0F          mov     bl, #0x0f     ; 顏色
00017 0024           B4                     13          mov     ah, #0x13     ; ah = 0x13
00018 0026           B0                     01          mov     al, #0x01     ; 模式
00019 0028           CD                     10          int     0x10          ; int 0x10 輸出字串
00020 002A           B8                   4C00          mov     ax, #0x4c00
00021 002D           CD                     21          int     0x21
00022 0000                                      .data
00023 0000                                      .bss

Symbols:
                     _main  0 0000 R E                        msg  0 0002 R   
                     start  0 000E R   

00000 errors
00000 warnings
